2025-07-05 17:40:51 update roadmap
2025-11-25 05:39:45 hotfix applied
2025-03-18 00:22:10 fix CI errors
2025-07-23 13:08:05 reformat code
2025-09-10 12:02:04 add example file
2025-01-08 06:30:57 update build script
2025-01-19 23:54:28 reduce complexity
2025-03-29 03:54:12 rollback changes
2025-05-18 09:31:14 experimental changes
2025-09-25 10:27:56 fix build error
2025-02-11 20:40:17 update feature
2025-08-21 03:14:05 add example file
2025-09-10 06:31:03 adjust timeout
2025-06-09 10:02:29 update feature
2025-05-02 15:09:56 update database schema
2025-11-15 05:36:42 temporary fix
2025-04-26 00:23:33 remove unused code
2025-09-22 12:19:37 stabilize build
2025-07-23 03:49:39 clean project structure
2025-12-23 18:58:13 update feature
2025-01-29 08:18:40 enhance logging
2025-12-08 21:25:52 fix CI errors
2025-12-17 22:16:22 patch vulnerability
2025-01-12 22:12:06 restructure project
